<?xml version="1.0" encoding="UTF-8"?>
<testsuite name="lab_2_test.FileSaveLoadTest" tests="1" skipped="0" failures="0" errors="0" timestamp="2021-11-15T22:32:08" hostname="DESKTOP-0R43Q8O" time="0.21">
  <properties/>
  <testcase name="testSaveLoad" classname="lab_2_test.FileSaveLoadTest" time="0.21"/>
  <system-out><![CDATA[0
0
0
0
0
0
0
0
0
0
0
0
0
0
0
0
0
0
0
0
0
0
0
0
0
0
0
0
0
0
0
0
0
0
0
0
0
0
0
0
0
0
0
0
0
0
0
0
0
0
0
0
0
0
0
0
0
0
0
0
0
0
0
0
0
0
0
0
0
0
0
0
0
0
0
0
0
0
0
0
0
0
0
0
0
0
0
0
0
0
0
0
0
0
0
0
0
0
0
0
0
0
0
0
0
0
0
0
0
0
0
0
0
0
0
0
0
0
0
0
0
0
0
0
]]></system-out>
  <system-err><![CDATA[]]></system-err>
</testsuite>
